<?xml version="1.0" encoding="UTF-8"?>
<!-- Generated by org.testng.reporters.JUnitReportReporter -->
<testsuite hostname="LAPTOP-GD3BOCG7" failures="0" tests="4" name="testingbaba_test.TextBox_Test" time="2.658" errors="0" timestamp="2023-07-27T00:01:51 IST" skipped="0">
  <testcase classname="testingbaba_test.TextBox_Test" name="clickon_element" time="0.334"/>
  <testcase classname="testingbaba_test.TextBox_Test" name="clickon_textbox" time="0.290"/>
  <testcase classname="testingbaba_test.TextBox_Test" name="filldetails" time="1.619"/>
  <testcase classname="testingbaba_test.TextBox_Test" name="getverifydetails" time="0.415"/>
</testsuite> <!-- testingbaba_test.TextBox_Test -->
