<?xml version="1.0" encoding="UTF-8"?>
<!-- Generated by org.testng.reporters.JUnitReportReporter -->
<testsuite hostname="LAPTOP-GD3BOCG7" failures="0" tests="5" name="testingbaba_test.CheckBox_Test" time="5.037" errors="0" timestamp="2023-07-27T00:01:51 IST" skipped="0">
  <testcase classname="testingbaba_test.CheckBox_Test" name="checkbox_elements" time="0.338"/>
  <testcase classname="testingbaba_test.CheckBox_Test" name="check_box_test" time="0.341"/>
  <testcase classname="testingbaba_test.CheckBox_Test" name="check_box_mobile" time="3.510"/>
  <testcase classname="testingbaba_test.CheckBox_Test" name="check_box_latpop" time="0.420"/>
  <testcase classname="testingbaba_test.CheckBox_Test" name="check_box_desktop" time="0.428"/>
</testsuite> <!-- testingbaba_test.CheckBox_Test -->
