<?xml version="1.0" encoding="UTF-8"?>
<!-- Generated by org.testng.reporters.JUnitReportReporter -->
<testsuite hostname="LAPTOP-GD3BOCG7" failures="0" tests="3" name="testingbaba_test.Buttons_test" time="1.250" errors="0" timestamp="2023-07-27T00:01:51 IST" skipped="0">
  <testcase classname="testingbaba_test.Buttons_test" name="elements_click" time="0.308"/>
  <testcase classname="testingbaba_test.Buttons_test" name="buttonsclick" time="0.335"/>
  <testcase classname="testingbaba_test.Buttons_test" name="clickondoubleclick_rightclick" time="0.607"/>
</testsuite> <!-- testingbaba_test.Buttons_test -->
