<?xml version="1.0" encoding="UTF-8"?>
<!-- Generated by org.testng.reporters.JUnitReportReporter -->
<testsuite hostname="LAPTOP-GD3BOCG7" failures="0" tests="2" name="testingbaba_test.LoginPage_Test" time="0.557" errors="0" timestamp="2023-07-27T00:01:51 IST" skipped="0">
  <testcase classname="testingbaba_test.LoginPage_Test" name="getTitle_test" time="0.255"/>
  <testcase classname="testingbaba_test.LoginPage_Test" name="clickon_element" time="0.302"/>
</testsuite> <!-- testingbaba_test.LoginPage_Test -->
