<?xml version="1.0" encoding="UTF-8"?>
<!-- Generated by org.testng.reporters.JUnitReportReporter -->
<testsuite hostname="LAPTOP-GD3BOCG7" failures="0" tests="5" name="testingbaba_test.Links_Test" time="10.554" errors="0" timestamp="2023-07-27T00:01:51 IST" skipped="0">
  <testcase classname="testingbaba_test.Links_Test" name="clickon_element" time="0.478"/>
  <testcase classname="testingbaba_test.Links_Test" name="clickon_links" time="0.449"/>
  <testcase classname="testingbaba_test.Links_Test" name="clickon_newtab" time="3.791"/>
  <testcase classname="testingbaba_test.Links_Test" name="closebtn_backtohomepage" time="2.219"/>
  <testcase classname="testingbaba_test.Links_Test" name="clickupload_download" time="3.617"/>
</testsuite> <!-- testingbaba_test.Links_Test -->
